\o Program:		@(#)$CDS: libManager version 6.1.8 - CAT37 08/30/2023 13:17 (sjfdcl1037) $
\o Sub version:		sub-version  s342 
\o Arguments:		-unmapped -mpssession virtuoso67577 -mpshost viterbi-scf1 -ADVM 
\o Working Directory:	viterbi-scf1:/home/viterbi/02/jjmoya/ee477_final_poject
\o 64-bit offsets
\o Qt version: 		5.9.1
\o MPS virtuoso types registered: 65
\o changeWorkingDir("/home/viterbi/02/jjmoya/ee477_final_poject") unnecessary.
\o ddSetForcedLib("") unnecessary.
\o Log file is "/home/viterbi/02/jjmoya/ee477_final_poject/libManager.log".
\o Opening libManager window.
\a nrSetWindowVisibility(cdsLibManager "show")
\o MPS service: map window
\o Library Manager customization server connected.
\a nrSetCurrentWindow(cdsLibManager)
\a nrResizeWindow(cdsLibManager list(656 114 600 440))
\a nrResizeWindow(cdsLibManager list(656 -966 600 440))
\a nrResizeWindow(cdsLibManager list(656 114 600 440))
\a nrResizeWindow(cdsLibManager list(-1264 114 600 440))
\a nrResizeWindow(cdsLibManager list(656 114 600 440))
\a nrSetCurrentWindow(cdsLibManager)
\a nrSetCurrentWindow(cdsLibManager)
\a cdsLibManager->libListBox->value = "US_8ths"
\a cdsLibManager->libLineEdit->value = "US_8ths"
\a nrSetCurrentWindow(cdsLibManager)
\a cdsLibManager->libListBox->value = "INV_1X"
\a cdsLibManager->libLineEdit->value = "INV_1X"
\a cdsLibManager->libListBox->value = "US_8ths"
\a cdsLibManager->libLineEdit->value = "US_8ths"
\a cdsLibManager->libListBox->value = "ahdlLib"
\a cdsLibManager->libLineEdit->value = "ahdlLib"
\a cdsLibManager->libListBox->value = "analogLib"
\a cdsLibManager->libLineEdit->value = "analogLib"
\a cdsLibManager->libListBox->value = "basic"
\a cdsLibManager->libLineEdit->value = "basic"
\a cdsLibManager->libListBox->value = "cdsDefTechLib"
\a cdsLibManager->libLineEdit->value = "cdsDefTechLib"
\a cdsLibManager->libListBox->value = "rfExamples"
\a cdsLibManager->libLineEdit->value = "rfExamples"
\a cdsLibManager->libListBox->value = "functional"
\a cdsLibManager->libLineEdit->value = "functional"
\a cdsLibManager->libListBox->value = "rfExamples"
\a cdsLibManager->libLineEdit->value = "rfExamples"
\a cdsLibManager->libListBox->value = "rfLib"
\a cdsLibManager->libLineEdit->value = "rfLib"
\a cdsLibManager->libListBox->value = "rfTlineLib"
\a cdsLibManager->libLineEdit->value = "rfTlineLib"
\a cdsLibManager->libListBox->value = "INV_1X"
\a cdsLibManager->libLineEdit->value = "INV_1X"
\a cdsLibManager->libListBox->value = "US_8ths"
\a cdsLibManager->libLineEdit->value = "US_8ths"
\a lmgrLogShowPopup("mainListPopup0" 7 19 2 "US_8ths")
\a cdsLibManager->libListBox->value = "INV_1X"
\a cdsLibManager->libLineEdit->value = "INV_1X"
\a lmgrLogShowPopup("mainListPopup0" 12 4 2 "INV_1X")
\a cdsLibManager->editCopyButton->value = t
\o INFO (CLM-200): Complex Copy Operation \n\nFill in the copy option fields with the desired information \nand press the `Generate Copy List' button when finished to obtain \na valid list of views to copy. 
\a nrSetWindowVisibility(copyWizardDialog "show")
\a nrSetCurrentWindow(cdsLibManager)
\a nrSetCurrentWindow(copyWizardDialog)
\a nrResizeWindow(workingDialogForm list(813 249 273 133))
\a nrResizeWindow(copyWizardDialog list(642 21 615 589))
\a nrSetCurrentWindow(copyWizardDialog)
\a copyWizardDialog->Cancel->value = t
\a nrSetCurrentWindow(cdsLibManager)
\a nrSetCurrentWindow(cdsLibManager)
\a cdsLibManager->FileNewCVButton->value = t
\a cdsLibManager->libListBox->value = nil
\a cdsLibManager->libLineEdit->value = ""
\a cdsLibManager->libListBox->value = "INV_1X"
\a cdsLibManager->libLineEdit->value = "INV_1X"
\a nrSetCurrentWindow(cdsLibManager)
\a cdsLibManager->libListBox->value = "US_8ths"
\a cdsLibManager->libLineEdit->value = "US_8ths"
\a cdsLibManager->libListBox->value = "ahdlLib"
\a cdsLibManager->libLineEdit->value = "ahdlLib"
\a cdsLibManager->libListBox->value = "analogLib"
\a cdsLibManager->libLineEdit->value = "analogLib"
\a cdsLibManager->libListBox->value = "basic"
\a cdsLibManager->libLineEdit->value = "basic"
\a cdsLibManager->libListBox->value = "cdsDefTechLib"
\a cdsLibManager->libLineEdit->value = "cdsDefTechLib"
\a cdsLibManager->libListBox->value = "functional"
\a cdsLibManager->libLineEdit->value = "functional"
\a cdsLibManager->libListBox->value = "rfExamples"
\a cdsLibManager->libLineEdit->value = "rfExamples"
\a cdsLibManager->libListBox->value = "rfLib"
\a cdsLibManager->libLineEdit->value = "rfLib"
\a cdsLibManager->libListBox->value = "rfTlineLib"
\a cdsLibManager->libLineEdit->value = "rfTlineLib"
\a cdsLibManager->libListBox->value = "rfExamples"
\a cdsLibManager->libLineEdit->value = "rfExamples"
\a cdsLibManager->cellListBox->value = "radius"
\a cdsLibManager->cellLineEdit->value = "radius"
\a cdsLibManager->viewListBox->value = "symbol"
\a cdsLibManager->viewLineEdit->value = "symbol"
\a cdsLibManager->libListBox->value = "US_8ths"
\a cdsLibManager->libLineEdit->value = "US_8ths"
\a cdsLibManager->cellLineEdit->value = ""
\a cdsLibManager->cellListBox->value = nil
\a cdsLibManager->viewLineEdit->value = ""
\a cdsLibManager->viewListBox->value = nil
\a cdsLibManager->libListBox->value = "INV_1X"
\a cdsLibManager->libLineEdit->value = "INV_1X"
\a nrSetCurrentWindow(cdsLibManager)
\a nrSetCurrentWindow(cdsLibManager)
\a nrSetCurrentWindow(cdsLibManager)
\a nrSetCurrentWindow(cdsLibManager)
\a nrSetCurrentWindow(cdsLibManager)
\a nrSetCurrentWindow(cdsLibManager)
\a nrSetCurrentWindow(cdsLibManager)
\a nrSetWindowVisibility(cdsLibManager "hide")
\a _lmgrCloseIconify("cdsLibManager" 1)
\a nrSetCurrentWindow(cdsLibManager)
\o MPS service: shutdown
\o libManager is exiting.
\a exit(0)
